-------------------------------------------------------------------------------
Test set: runner.TestRunner
-------------------------------------------------------------------------------
Tests run: 35, Failures: 14, Errors: 0, Skipped: 0, Time elapsed: 153.2 s <<< FAILURE! -- in runner.TestRunner
runner.TestRunner.runScenario["Verify user should not be able to submit invalid Name : "@£$%^&*($%^&"", "User should be able to submit contact us request"](12) -- Time elapsed: 0.148 s <<< FAILURE!
java.lang.AssertionError: User Should be displayed invalid Name format error message.
	at org.testng.Assert.fail(Assert.java:111)
	at com.test.roku.utils.AssertionUtils.assertFail(AssertionUtils.java:25)
	at com.test.roku.steps.ContactUsPageAssertions.assertErrorDisplayedForInvalidFormat(ContactUsPageAssertions.java:170)
	at com.test.roku.steps.ContactUsSteps.userShouldBeDisplayedInvalidFormatErrorMessage(ContactUsSteps.java:141)
	at ✽.User should be displayed invalid "Name" format error message(file:///Users/sanju/Desktop/RokuAssignementWorkSpace/AutomationRoku/src/test/java/features/contactUs.feature:60)

runner.TestRunner.runScenario["Verify user should not be able to submit invalid Name : "123456789"", "User should be able to submit contact us request"](14) -- Time elapsed: 0.005 s <<< FAILURE!
java.lang.AssertionError: User Should be displayed invalid Name format error message.
	at org.testng.Assert.fail(Assert.java:111)
	at com.test.roku.utils.AssertionUtils.assertFail(AssertionUtils.java:25)
	at com.test.roku.steps.ContactUsPageAssertions.assertErrorDisplayedForInvalidFormat(ContactUsPageAssertions.java:170)
	at com.test.roku.steps.ContactUsSteps.userShouldBeDisplayedInvalidFormatErrorMessage(ContactUsSteps.java:141)
	at ✽.User should be displayed invalid "Name" format error message(file:///Users/sanju/Desktop/RokuAssignementWorkSpace/AutomationRoku/src/test/java/features/contactUs.feature:60)

runner.TestRunner.runScenario["Verify user should not be able to submit invalid Name : "!3654£!_$£%!"", "User should be able to submit contact us request"](15) -- Time elapsed: 0.001 s <<< FAILURE!
java.lang.AssertionError: User Should be displayed invalid Name format error message.
	at org.testng.Assert.fail(Assert.java:111)
	at com.test.roku.utils.AssertionUtils.assertFail(AssertionUtils.java:25)
	at com.test.roku.steps.ContactUsPageAssertions.assertErrorDisplayedForInvalidFormat(ContactUsPageAssertions.java:170)
	at com.test.roku.steps.ContactUsSteps.userShouldBeDisplayedInvalidFormatErrorMessage(ContactUsSteps.java:141)
	at ✽.User should be displayed invalid "Name" format error message(file:///Users/sanju/Desktop/RokuAssignementWorkSpace/AutomationRoku/src/test/java/features/contactUs.feature:60)

runner.TestRunner.runScenario["Verify user should not be able to submit invalid Email : "missingDotComFromDomain@c"", "User should be able to submit contact us request"](18) -- Time elapsed: 0.534 s <<< FAILURE!
java.lang.AssertionError: User Should be displayed invalid Email format error message.
	at org.testng.Assert.fail(Assert.java:111)
	at com.test.roku.utils.AssertionUtils.assertFail(AssertionUtils.java:25)
	at com.test.roku.steps.ContactUsPageAssertions.assertErrorDisplayedForInvalidFormat(ContactUsPageAssertions.java:170)
	at com.test.roku.steps.ContactUsSteps.userShouldBeDisplayedInvalidFormatErrorMessage(ContactUsSteps.java:141)
	at ✽.User should be displayed invalid "Email" format error message(file:///Users/sanju/Desktop/RokuAssignementWorkSpace/AutomationRoku/src/test/java/features/contactUs.feature:71)

runner.TestRunner.runScenario["Verify user should not be able to submit invalid Phone Number : "564 792 007"", "User should be able to submit contact us request"](21) -- Time elapsed: 44.71 s <<< FAILURE!
java.lang.AssertionError: User Should be displayed invalid Phone format error message.
	at org.testng.Assert.fail(Assert.java:111)
	at com.test.roku.utils.AssertionUtils.assertFail(AssertionUtils.java:25)
	at com.test.roku.steps.ContactUsPageAssertions.assertErrorDisplayedForInvalidFormat(ContactUsPageAssertions.java:170)
	at com.test.roku.steps.ContactUsSteps.userShouldBeDisplayedInvalidFormatErrorMessage(ContactUsSteps.java:141)
	at ✽.User should be displayed invalid "Phone" format error message(file:///Users/sanju/Desktop/RokuAssignementWorkSpace/AutomationRoku/src/test/java/features/contactUs.feature:87)

runner.TestRunner.runScenario["Verify user should not be able to submit invalid Phone Number : "+76726374627642"", "User should be able to submit contact us request"](22) -- Time elapsed: 0.022 s <<< FAILURE!
java.lang.AssertionError: User Should be displayed invalid Phone format error message.
	at org.testng.Assert.fail(Assert.java:111)
	at com.test.roku.utils.AssertionUtils.assertFail(AssertionUtils.java:25)
	at com.test.roku.steps.ContactUsPageAssertions.assertErrorDisplayedForInvalidFormat(ContactUsPageAssertions.java:170)
	at com.test.roku.steps.ContactUsSteps.userShouldBeDisplayedInvalidFormatErrorMessage(ContactUsSteps.java:141)
	at ✽.User should be displayed invalid "Phone" format error message(file:///Users/sanju/Desktop/RokuAssignementWorkSpace/AutomationRoku/src/test/java/features/contactUs.feature:87)

runner.TestRunner.runScenario["Verify user should not be able to submit invalid Phone Number : "!@£$%^&*%^&*"", "User should be able to submit contact us request"](24) -- Time elapsed: 0 s <<< FAILURE!
java.lang.AssertionError: User Should be displayed invalid Phone format error message.
	at org.testng.Assert.fail(Assert.java:111)
	at com.test.roku.utils.AssertionUtils.assertFail(AssertionUtils.java:25)
	at com.test.roku.steps.ContactUsPageAssertions.assertErrorDisplayedForInvalidFormat(ContactUsPageAssertions.java:170)
	at com.test.roku.steps.ContactUsSteps.userShouldBeDisplayedInvalidFormatErrorMessage(ContactUsSteps.java:141)
	at ✽.User should be displayed invalid "Phone" format error message(file:///Users/sanju/Desktop/RokuAssignementWorkSpace/AutomationRoku/src/test/java/features/contactUs.feature:87)

runner.TestRunner.runScenario["Verify user should not be able to submit invalid Phone Number : "stringAsPhoneNumber"", "User should be able to submit contact us request"](25) -- Time elapsed: 0 s <<< FAILURE!
java.lang.AssertionError: User Should be displayed invalid Phone format error message.
	at org.testng.Assert.fail(Assert.java:111)
	at com.test.roku.utils.AssertionUtils.assertFail(AssertionUtils.java:25)
	at com.test.roku.steps.ContactUsPageAssertions.assertErrorDisplayedForInvalidFormat(ContactUsPageAssertions.java:170)
	at com.test.roku.steps.ContactUsSteps.userShouldBeDisplayedInvalidFormatErrorMessage(ContactUsSteps.java:141)
	at ✽.User should be displayed invalid "Phone" format error message(file:///Users/sanju/Desktop/RokuAssignementWorkSpace/AutomationRoku/src/test/java/features/contactUs.feature:87)

runner.TestRunner.runScenario["Verify user should not be able to submit invalid Phone Number : "+76 726374627642"", "User should be able to submit contact us request"](26) -- Time elapsed: 0 s <<< FAILURE!
java.lang.AssertionError: User Should be displayed invalid Phone format error message.
	at org.testng.Assert.fail(Assert.java:111)
	at com.test.roku.utils.AssertionUtils.assertFail(AssertionUtils.java:25)
	at com.test.roku.steps.ContactUsPageAssertions.assertErrorDisplayedForInvalidFormat(ContactUsPageAssertions.java:170)
	at com.test.roku.steps.ContactUsSteps.userShouldBeDisplayedInvalidFormatErrorMessage(ContactUsSteps.java:141)
	at ✽.User should be displayed invalid "Phone" format error message(file:///Users/sanju/Desktop/RokuAssignementWorkSpace/AutomationRoku/src/test/java/features/contactUs.feature:87)

runner.TestRunner.runScenario["Verify user should not be able to submit invalid Email : "double..dots@domain.com"", "User should be able to submit contact us request"](27) -- Time elapsed: 0 s <<< FAILURE!
java.lang.AssertionError: User Should be displayed invalid Email format error message.
	at org.testng.Assert.fail(Assert.java:111)
	at com.test.roku.utils.AssertionUtils.assertFail(AssertionUtils.java:25)
	at com.test.roku.steps.ContactUsPageAssertions.assertErrorDisplayedForInvalidFormat(ContactUsPageAssertions.java:170)
	at com.test.roku.steps.ContactUsSteps.userShouldBeDisplayedInvalidFormatErrorMessage(ContactUsSteps.java:141)
	at ✽.User should be displayed invalid "Email" format error message(file:///Users/sanju/Desktop/RokuAssignementWorkSpace/AutomationRoku/src/test/java/features/contactUs.feature:71)

runner.TestRunner.runScenario["Verify user should not be able to submit invalid Phone Number : "777-111-222"", "User should be able to submit contact us request"](28) -- Time elapsed: 0 s <<< FAILURE!
java.lang.AssertionError: User Should be displayed invalid Phone format error message.
	at org.testng.Assert.fail(Assert.java:111)
	at com.test.roku.utils.AssertionUtils.assertFail(AssertionUtils.java:25)
	at com.test.roku.steps.ContactUsPageAssertions.assertErrorDisplayedForInvalidFormat(ContactUsPageAssertions.java:170)
	at com.test.roku.steps.ContactUsSteps.userShouldBeDisplayedInvalidFormatErrorMessage(ContactUsSteps.java:141)
	at ✽.User should be displayed invalid "Phone" format error message(file:///Users/sanju/Desktop/RokuAssignementWorkSpace/AutomationRoku/src/test/java/features/contactUs.feature:87)

runner.TestRunner.runScenario["Verify user should not be able to submit invalid Phone Number : "stringWith42353254"", "User should be able to submit contact us request"](30) -- Time elapsed: 28.92 s <<< FAILURE!
org.openqa.selenium.NoSuchElementException: 
no such element: Unable to locate element: {"method":"css selector","selector":"#submitContact"}
  (Session info: chrome=121.0.6167.184)
For documentation on this error, please visit: https://www.selenium.dev/documentation/webdriver/troubleshooting/errors#no-such-element-exception
Build info: version: '4.17.0', revision: 'e52b1be057*'
System info: os.name: 'Mac OS X', os.arch: 'aarch64', os.version: '14.3', java.version: '21.0.1'
Driver info: org.openqa.selenium.chrome.ChromeDriver
Command: [c302069f72314080c0566ba7749010a1, findElement {using=id, value=submitContact}]
Capabilities {acceptInsecureCerts: false, browserName: chrome, browserVersion: 121.0.6167.184, chrome: {chromedriverVersion: 121.0.6167.85 (3f98d690ad7e..., userDataDir: /var/folders/m8/d_ml1jqs5rd...}, fedcm:accounts: true, goog:chromeOptions: {debuggerAddress: localhost:54595}, networkConnectionEnabled: false, pageLoadStrategy: normal, platformName: mac, proxy: Proxy(), se:cdp: ws://localhost:54595/devtoo..., se:cdpVersion: 121.0.6167.184, setWindowRect: true, strictFileInteractability: false, timeouts: {implicit: 0, pageLoad: 300000, script: 30000}, unhandledPromptBehavior: dismiss and notify, webauthn:extension:credBlob: true, webauthn:extension:largeBlob: true, webauthn:extension:minPinLength: true, webauthn:extension:prf: true, webauthn:virtualAuthenticators: true}
Session ID: c302069f72314080c0566ba7749010a1
	at java.base/jdk.internal.reflect.DirectConstructorHandleAccessor.newInstance(DirectConstructorHandleAccessor.java:62)
	at java.base/java.lang.reflect.Constructor.newInstanceWithCaller(Constructor.java:502)
	at java.base/java.lang.reflect.Constructor.newInstance(Constructor.java:486)
	at org.openqa.selenium.remote.codec.w3c.W3CHttpResponseCodec.createException(W3CHttpResponseCodec.java:185)
	at org.openqa.selenium.remote.codec.w3c.W3CHttpResponseCodec.decode(W3CHttpResponseCodec.java:134)
	at org.openqa.selenium.remote.codec.w3c.W3CHttpResponseCodec.decode(W3CHttpResponseCodec.java:51)
	at org.openqa.selenium.remote.HttpCommandExecutor.execute(HttpCommandExecutor.java:190)
	at org.openqa.selenium.remote.service.DriverCommandExecutor.invokeExecute(DriverCommandExecutor.java:216)
	at org.openqa.selenium.remote.service.DriverCommandExecutor.execute(DriverCommandExecutor.java:174)
	at org.openqa.selenium.remote.RemoteWebDriver.execute(RemoteWebDriver.java:519)
	at org.openqa.selenium.remote.ElementLocation$ElementFinder$2.findElement(ElementLocation.java:165)
	at org.openqa.selenium.remote.ElementLocation.findElement(ElementLocation.java:59)
	at org.openqa.selenium.remote.RemoteWebDriver.findElement(RemoteWebDriver.java:356)
	at org.openqa.selenium.remote.RemoteWebDriver.findElement(RemoteWebDriver.java:350)
	at org.openqa.selenium.support.pagefactory.DefaultElementLocator.findElement(DefaultElementLocator.java:68)
	at org.openqa.selenium.support.pagefactory.internal.LocatingElementHandler.invoke(LocatingElementHandler.java:38)
	at jdk.proxy2/jdk.proxy2.$Proxy25.click(Unknown Source)
	at com.test.roku.utils.CommonUtils.clickOnElement(CommonUtils.java:18)
	at com.test.roku.pages.ContactUsPage.clickOnSubmitButton(ContactUsPage.java:66)
	at com.test.roku.steps.ContactUsSteps.clickOnSubmitButton(ContactUsSteps.java:31)
	at ✽.Click on submit button(file:///Users/sanju/Desktop/RokuAssignementWorkSpace/AutomationRoku/src/test/java/features/contactUs.feature:86)

runner.TestRunner.runScenario["Verify user should not be able to submit out of range message : "lessThanTwenty"", "User should be able to submit contact us request"](32) -- Time elapsed: 38.06 s <<< FAILURE!
java.lang.AssertionError: Actual text is Subject must be between 5 and 100 characters. and expected text is Message must be between 20 and 2000 characters. expected [true] but found [false]
	at org.testng.Assert.fail(Assert.java:111)
	at org.testng.Assert.failNotEquals(Assert.java:1578)
	at org.testng.Assert.assertTrue(Assert.java:57)
	at com.test.roku.utils.AssertionUtils.assertEquals(AssertionUtils.java:17)
	at com.test.roku.steps.ContactUsPageAssertions.assertErrorMessageDisplayedWhenOutOfRangeTextEntered(ContactUsPageAssertions.java:87)
	at com.test.roku.steps.ContactUsSteps.userShouldBeDisplayedErrorWithAcceptableRange(ContactUsSteps.java:78)
	at ✽.User should be displayed error with acceptable range of "Message"(file:///Users/sanju/Desktop/RokuAssignementWorkSpace/AutomationRoku/src/test/java/features/contactUs.feature:125)

runner.TestRunner.runScenario["Verify user should not be able to submit out of range Phone Number : "777711112222333344445555"", "User should be able to submit contact us request"](35) -- Time elapsed: 39.18 s <<< FAILURE!
java.lang.AssertionError: Actual text is Message must be between 20 and 2000 characters. and expected text is Phone must be between 11 and 21 characters. expected [true] but found [false]
	at org.testng.Assert.fail(Assert.java:111)
	at org.testng.Assert.failNotEquals(Assert.java:1578)
	at org.testng.Assert.assertTrue(Assert.java:57)
	at com.test.roku.utils.AssertionUtils.assertEquals(AssertionUtils.java:17)
	at com.test.roku.steps.ContactUsPageAssertions.assertErrorMessageDisplayedWhenOutOfRangeTextEntered(ContactUsPageAssertions.java:87)
	at com.test.roku.steps.ContactUsSteps.userShouldBeDisplayedErrorWithAcceptableRange(ContactUsSteps.java:78)
	at ✽.User should be displayed error with acceptable range of "Phone"(file:///Users/sanju/Desktop/RokuAssignementWorkSpace/AutomationRoku/src/test/java/features/contactUs.feature:102)

