<?xml version="1.0" encoding="UTF-8"?>
<testng-results ignored="0" total="35" passed="21" failed="14" skipped="0">
  <reporter-output>
  </reporter-output>
  <suite started-at="2024-02-14T13:31:25 GMT" name="Surefire suite" finished-at="2024-02-14T13:33:58 GMT" duration-ms="152888">
    <groups>
      <group name="cucumber">
        <method signature="AbstractTestNGCucumberTests.runScenario(io.cucumber.testng.PickleWrapper,io.cucumber.testng.FeatureWrapper)[pri:0, instance:runner.TestRunner@3d680b5a]" name="runScenario" class="io.cucumber.testng.AbstractTestNGCucumberTests"/>
      </group> <!-- cucumber -->
    </groups>
    <test started-at="2024-02-14T13:31:25 GMT" name="Surefire test" finished-at="2024-02-14T13:33:58 GMT" duration-ms="152888">
      <class name="runner.TestRunner">
        <test-method is-config="true" signature="setUpClass(org.testng.ITestContext)[pri:0, instance:runner.TestRunner@3d680b5a]" started-at="2024-02-14T13:31:25 GMT" name="setUpClass" finished-at="2024-02-14T13:31:25 GMT" duration-ms="302" status="PASS">
          <params>
            <param index="0">
              <value>
                <![CDATA[org.testng.TestRunner@1dfd5f51]]>
              </value>
            </param>
          </params>
          <reporter-output>
          </reporter-output>
        </test-method> <!-- setUpClass -->
        <test-method signature="runScenario(io.cucumber.testng.PickleWrapper,io.cucumber.testng.FeatureWrapper)[pri:0, instance:runner.TestRunner@3d680b5a]" started-at="2024-02-14T13:31:25 GMT" name="runScenario" description="Runs Cucumber Scenarios" data-provider="scenarios" finished-at="2024-02-14T13:31:40 GMT" duration-ms="14735" status="PASS">
          <params>
            <param index="0">
              <value>
                <![CDATA["Verify user should be displayed the field specific icons"]]>
              </value>
            </param>
            <param index="1">
              <value>
                <![CDATA["User should be able to submit contact us request"]]>
              </value>
            </param>
          </params>
          <reporter-output>
          </reporter-output>
        </test-method> <!-- runScenario -->
        <test-method signature="runScenario(io.cucumber.testng.PickleWrapper,io.cucumber.testng.FeatureWrapper)[pri:0, instance:runner.TestRunner@3d680b5a]" started-at="2024-02-14T13:31:25 GMT" name="runScenario" description="Runs Cucumber Scenarios" data-provider="scenarios" finished-at="2024-02-14T13:31:40 GMT" duration-ms="14351" status="PASS">
          <params>
            <param index="0">
              <value>
                <![CDATA["Verify user should be displayed the field labels"]]>
              </value>
            </param>
            <param index="1">
              <value>
                <![CDATA["User should be able to submit contact us request"]]>
              </value>
            </param>
          </params>
          <reporter-output>
          </reporter-output>
        </test-method> <!-- runScenario -->
        <test-method signature="runScenario(io.cucumber.testng.PickleWrapper,io.cucumber.testng.FeatureWrapper)[pri:0, instance:runner.TestRunner@3d680b5a]" started-at="2024-02-14T13:31:25 GMT" name="runScenario" description="Runs Cucumber Scenarios" data-provider="scenarios" finished-at="2024-02-14T13:31:40 GMT" duration-ms="14351" status="PASS">
          <params>
            <param index="0">
              <value>
                <![CDATA["Verify user should be displayed the field labels"]]>
              </value>
            </param>
            <param index="1">
              <value>
                <![CDATA["User should be able to submit contact us request"]]>
              </value>
            </param>
          </params>
          <reporter-output>
          </reporter-output>
        </test-method> <!-- runScenario -->
        <test-method signature="runScenario(io.cucumber.testng.PickleWrapper,io.cucumber.testng.FeatureWrapper)[pri:0, instance:runner.TestRunner@3d680b5a]" started-at="2024-02-14T13:31:25 GMT" name="runScenario" description="Runs Cucumber Scenarios" data-provider="scenarios" finished-at="2024-02-14T13:31:41 GMT" duration-ms="15313" status="PASS">
          <params>
            <param index="0">
              <value>
                <![CDATA["Verify user should be displayed the field specific icons"]]>
              </value>
            </param>
            <param index="1">
              <value>
                <![CDATA["User should be able to submit contact us request"]]>
              </value>
            </param>
          </params>
          <reporter-output>
          </reporter-output>
        </test-method> <!-- runScenario -->
        <test-method signature="runScenario(io.cucumber.testng.PickleWrapper,io.cucumber.testng.FeatureWrapper)[pri:0, instance:runner.TestRunner@3d680b5a]" started-at="2024-02-14T13:31:25 GMT" name="runScenario" description="Runs Cucumber Scenarios" data-provider="scenarios" finished-at="2024-02-14T13:31:49 GMT" duration-ms="23320" status="PASS">
          <params>
            <param index="0">
              <value>
                <![CDATA["Verify that user should be able to submit contact us form with valid successfully"]]>
              </value>
            </param>
            <param index="1">
              <value>
                <![CDATA["User should be able to submit contact us request"]]>
              </value>
            </param>
          </params>
          <reporter-output>
          </reporter-output>
        </test-method> <!-- runScenario -->
        <test-method signature="runScenario(io.cucumber.testng.PickleWrapper,io.cucumber.testng.FeatureWrapper)[pri:0, instance:runner.TestRunner@3d680b5a]" started-at="2024-02-14T13:31:25 GMT" name="runScenario" description="Runs Cucumber Scenarios" data-provider="scenarios" finished-at="2024-02-14T13:31:40 GMT" duration-ms="14406" status="PASS">
          <params>
            <param index="0">
              <value>
                <![CDATA["Verify user should be displayed the field labels"]]>
              </value>
            </param>
            <param index="1">
              <value>
                <![CDATA["User should be able to submit contact us request"]]>
              </value>
            </param>
          </params>
          <reporter-output>
          </reporter-output>
        </test-method> <!-- runScenario -->
        <test-method signature="runScenario(io.cucumber.testng.PickleWrapper,io.cucumber.testng.FeatureWrapper)[pri:0, instance:runner.TestRunner@3d680b5a]" started-at="2024-02-14T13:31:25 GMT" name="runScenario" description="Runs Cucumber Scenarios" data-provider="scenarios" finished-at="2024-02-14T13:31:40 GMT" duration-ms="14351" status="PASS">
          <params>
            <param index="0">
              <value>
                <![CDATA["Verify user should be displayed the field labels"]]>
              </value>
            </param>
            <param index="1">
              <value>
                <![CDATA["User should be able to submit contact us request"]]>
              </value>
            </param>
          </params>
          <reporter-output>
          </reporter-output>
        </test-method> <!-- runScenario -->
        <test-method signature="runScenario(io.cucumber.testng.PickleWrapper,io.cucumber.testng.FeatureWrapper)[pri:0, instance:runner.TestRunner@3d680b5a]" started-at="2024-02-14T13:31:25 GMT" name="runScenario" description="Runs Cucumber Scenarios" data-provider="scenarios" finished-at="2024-02-14T13:31:40 GMT" duration-ms="14709" status="PASS">
          <params>
            <param index="0">
              <value>
                <![CDATA["Verify user should be displayed the field specific icons"]]>
              </value>
            </param>
            <param index="1">
              <value>
                <![CDATA["User should be able to submit contact us request"]]>
              </value>
            </param>
          </params>
          <reporter-output>
          </reporter-output>
        </test-method> <!-- runScenario -->
        <test-method signature="runScenario(io.cucumber.testng.PickleWrapper,io.cucumber.testng.FeatureWrapper)[pri:0, instance:runner.TestRunner@3d680b5a]" started-at="2024-02-14T13:31:25 GMT" name="runScenario" description="Runs Cucumber Scenarios" data-provider="scenarios" finished-at="2024-02-14T13:31:40 GMT" duration-ms="14743" status="PASS">
          <params>
            <param index="0">
              <value>
                <![CDATA["Verify user should be displayed the message filed caption"]]>
              </value>
            </param>
            <param index="1">
              <value>
                <![CDATA["User should be able to submit contact us request"]]>
              </value>
            </param>
          </params>
          <reporter-output>
          </reporter-output>
        </test-method> <!-- runScenario -->
        <test-method signature="runScenario(io.cucumber.testng.PickleWrapper,io.cucumber.testng.FeatureWrapper)[pri:0, instance:runner.TestRunner@3d680b5a]" started-at="2024-02-14T13:31:25 GMT" name="runScenario" description="Runs Cucumber Scenarios" data-provider="scenarios" finished-at="2024-02-14T13:31:40 GMT" duration-ms="14979" status="PASS">
          <params>
            <param index="0">
              <value>
                <![CDATA["Verify user should be displayed the field specific icons"]]>
              </value>
            </param>
            <param index="1">
              <value>
                <![CDATA["User should be able to submit contact us request"]]>
              </value>
            </param>
          </params>
          <reporter-output>
          </reporter-output>
        </test-method> <!-- runScenario -->
        <test-method signature="runScenario(io.cucumber.testng.PickleWrapper,io.cucumber.testng.FeatureWrapper)[pri:0, instance:runner.TestRunner@3d680b5a]" started-at="2024-02-14T13:31:40 GMT" name="runScenario" description="Runs Cucumber Scenarios" data-provider="scenarios" finished-at="2024-02-14T13:32:32 GMT" duration-ms="52570" status="PASS">
          <params>
            <param index="0">
              <value>
                <![CDATA["Verify user should see error message with invalid information"]]>
              </value>
            </param>
            <param index="1">
              <value>
                <![CDATA["User should be able to submit contact us request"]]>
              </value>
            </param>
          </params>
          <reporter-output>
          </reporter-output>
        </test-method> <!-- runScenario -->
        <test-method signature="runScenario(io.cucumber.testng.PickleWrapper,io.cucumber.testng.FeatureWrapper)[pri:0, instance:runner.TestRunner@3d680b5a]" started-at="2024-02-14T13:31:40 GMT" name="runScenario" description="Runs Cucumber Scenarios" data-provider="scenarios" finished-at="2024-02-14T13:32:29 GMT" duration-ms="49160" status="FAIL">
          <params>
            <param index="0">
              <value>
                <![CDATA["Verify user should not be able to submit invalid Name : "123456789""]]>
              </value>
            </param>
            <param index="1">
              <value>
                <![CDATA["User should be able to submit contact us request"]]>
              </value>
            </param>
          </params>
          <exception class="java.lang.AssertionError">
            <message>
              <![CDATA[User Should be displayed invalid Name format error message.]]>
            </message>
            <full-stacktrace>
              <![CDATA[java.lang.AssertionError: User Should be displayed invalid Name format error message.
at org.testng.Assert.fail(Assert.java:111)
at com.test.roku.utils.AssertionUtils.assertFail(AssertionUtils.java:25)
at com.test.roku.steps.ContactUsPageAssertions.assertErrorDisplayedForInvalidFormat(ContactUsPageAssertions.java:170)
at com.test.roku.steps.ContactUsSteps.userShouldBeDisplayedInvalidFormatErrorMessage(ContactUsSteps.java:141)
at ✽.User should be displayed invalid "Name" format error message(file:///Users/sanju/Desktop/RokuAssignementWorkSpace/AutomationRoku/src/test/java/features/contactUs.feature:60)
]]>
            </full-stacktrace>
          </exception> <!-- java.lang.AssertionError -->
          <reporter-output>
          </reporter-output>
        </test-method> <!-- runScenario -->
        <test-method signature="runScenario(io.cucumber.testng.PickleWrapper,io.cucumber.testng.FeatureWrapper)[pri:0, instance:runner.TestRunner@3d680b5a]" started-at="2024-02-14T13:31:40 GMT" name="runScenario" description="Runs Cucumber Scenarios" data-provider="scenarios" finished-at="2024-02-14T13:32:29 GMT" duration-ms="49130" status="FAIL">
          <params>
            <param index="0">
              <value>
                <![CDATA["Verify user should not be able to submit invalid Name : "@£$%^&*($%^&""]]>
              </value>
            </param>
            <param index="1">
              <value>
                <![CDATA["User should be able to submit contact us request"]]>
              </value>
            </param>
          </params>
          <exception class="java.lang.AssertionError">
            <message>
              <![CDATA[User Should be displayed invalid Name format error message.]]>
            </message>
            <full-stacktrace>
              <![CDATA[java.lang.AssertionError: User Should be displayed invalid Name format error message.
at org.testng.Assert.fail(Assert.java:111)
at com.test.roku.utils.AssertionUtils.assertFail(AssertionUtils.java:25)
at com.test.roku.steps.ContactUsPageAssertions.assertErrorDisplayedForInvalidFormat(ContactUsPageAssertions.java:170)
at com.test.roku.steps.ContactUsSteps.userShouldBeDisplayedInvalidFormatErrorMessage(ContactUsSteps.java:141)
at ✽.User should be displayed invalid "Name" format error message(file:///Users/sanju/Desktop/RokuAssignementWorkSpace/AutomationRoku/src/test/java/features/contactUs.feature:60)
]]>
            </full-stacktrace>
          </exception> <!-- java.lang.AssertionError -->
          <reporter-output>
          </reporter-output>
        </test-method> <!-- runScenario -->
        <test-method signature="runScenario(io.cucumber.testng.PickleWrapper,io.cucumber.testng.FeatureWrapper)[pri:0, instance:runner.TestRunner@3d680b5a]" started-at="2024-02-14T13:31:40 GMT" name="runScenario" description="Runs Cucumber Scenarios" data-provider="scenarios" finished-at="2024-02-14T13:32:29 GMT" duration-ms="49122" status="FAIL">
          <params>
            <param index="0">
              <value>
                <![CDATA["Verify user should not be able to submit invalid Name : "!3654£!_$£%!""]]>
              </value>
            </param>
            <param index="1">
              <value>
                <![CDATA["User should be able to submit contact us request"]]>
              </value>
            </param>
          </params>
          <exception class="java.lang.AssertionError">
            <message>
              <![CDATA[User Should be displayed invalid Name format error message.]]>
            </message>
            <full-stacktrace>
              <![CDATA[java.lang.AssertionError: User Should be displayed invalid Name format error message.
at org.testng.Assert.fail(Assert.java:111)
at com.test.roku.utils.AssertionUtils.assertFail(AssertionUtils.java:25)
at com.test.roku.steps.ContactUsPageAssertions.assertErrorDisplayedForInvalidFormat(ContactUsPageAssertions.java:170)
at com.test.roku.steps.ContactUsSteps.userShouldBeDisplayedInvalidFormatErrorMessage(ContactUsSteps.java:141)
at ✽.User should be displayed invalid "Name" format error message(file:///Users/sanju/Desktop/RokuAssignementWorkSpace/AutomationRoku/src/test/java/features/contactUs.feature:60)
]]>
            </full-stacktrace>
          </exception> <!-- java.lang.AssertionError -->
          <reporter-output>
          </reporter-output>
        </test-method> <!-- runScenario -->
        <test-method signature="runScenario(io.cucumber.testng.PickleWrapper,io.cucumber.testng.FeatureWrapper)[pri:0, instance:runner.TestRunner@3d680b5a]" started-at="2024-02-14T13:31:40 GMT" name="runScenario" description="Runs Cucumber Scenarios" data-provider="scenarios" finished-at="2024-02-14T13:32:29 GMT" duration-ms="48853" status="PASS">
          <params>
            <param index="0">
              <value>
                <![CDATA["Verify user should not be able to submit invalid Email : "@missingUserName.com""]]>
              </value>
            </param>
            <param index="1">
              <value>
                <![CDATA["User should be able to submit contact us request"]]>
              </value>
            </param>
          </params>
          <reporter-output>
          </reporter-output>
        </test-method> <!-- runScenario -->
        <test-method signature="runScenario(io.cucumber.testng.PickleWrapper,io.cucumber.testng.FeatureWrapper)[pri:0, instance:runner.TestRunner@3d680b5a]" started-at="2024-02-14T13:31:40 GMT" name="runScenario" description="Runs Cucumber Scenarios" data-provider="scenarios" finished-at="2024-02-14T13:32:29 GMT" duration-ms="48773" status="PASS">
          <params>
            <param index="0">
              <value>
                <![CDATA["Verify user should not be able to submit invalid Email : "missingAtDotCom""]]>
              </value>
            </param>
            <param index="1">
              <value>
                <![CDATA["User should be able to submit contact us request"]]>
              </value>
            </param>
          </params>
          <reporter-output>
          </reporter-output>
        </test-method> <!-- runScenario -->
        <test-method signature="runScenario(io.cucumber.testng.PickleWrapper,io.cucumber.testng.FeatureWrapper)[pri:0, instance:runner.TestRunner@3d680b5a]" started-at="2024-02-14T13:31:40 GMT" name="runScenario" description="Runs Cucumber Scenarios" data-provider="scenarios" finished-at="2024-02-14T13:32:29 GMT" duration-ms="48805" status="PASS">
          <params>
            <param index="0">
              <value>
                <![CDATA["Verify user should not be able to submit invalid Email : "missingDomain@""]]>
              </value>
            </param>
            <param index="1">
              <value>
                <![CDATA["User should be able to submit contact us request"]]>
              </value>
            </param>
          </params>
          <reporter-output>
          </reporter-output>
        </test-method> <!-- runScenario -->
        <test-method signature="runScenario(io.cucumber.testng.PickleWrapper,io.cucumber.testng.FeatureWrapper)[pri:0, instance:runner.TestRunner@3d680b5a]" started-at="2024-02-14T13:31:40 GMT" name="runScenario" description="Runs Cucumber Scenarios" data-provider="scenarios" finished-at="2024-02-14T13:32:30 GMT" duration-ms="49211" status="FAIL">
          <params>
            <param index="0">
              <value>
                <![CDATA["Verify user should not be able to submit invalid Email : "missingDotComFromDomain@c""]]>
              </value>
            </param>
            <param index="1">
              <value>
                <![CDATA["User should be able to submit contact us request"]]>
              </value>
            </param>
          </params>
          <exception class="java.lang.AssertionError">
            <message>
              <![CDATA[User Should be displayed invalid Email format error message.]]>
            </message>
            <full-stacktrace>
              <![CDATA[java.lang.AssertionError: User Should be displayed invalid Email format error message.
at org.testng.Assert.fail(Assert.java:111)
at com.test.roku.utils.AssertionUtils.assertFail(AssertionUtils.java:25)
at com.test.roku.steps.ContactUsPageAssertions.assertErrorDisplayedForInvalidFormat(ContactUsPageAssertions.java:170)
at com.test.roku.steps.ContactUsSteps.userShouldBeDisplayedInvalidFormatErrorMessage(ContactUsSteps.java:141)
at ✽.User should be displayed invalid "Email" format error message(file:///Users/sanju/Desktop/RokuAssignementWorkSpace/AutomationRoku/src/test/java/features/contactUs.feature:71)
]]>
            </full-stacktrace>
          </exception> <!-- java.lang.AssertionError -->
          <reporter-output>
          </reporter-output>
        </test-method> <!-- runScenario -->
        <test-method signature="runScenario(io.cucumber.testng.PickleWrapper,io.cucumber.testng.FeatureWrapper)[pri:0, instance:runner.TestRunner@3d680b5a]" started-at="2024-02-14T13:31:41 GMT" name="runScenario" description="Runs Cucumber Scenarios" data-provider="scenarios" finished-at="2024-02-14T13:32:29 GMT" duration-ms="48174" status="PASS">
          <params>
            <param index="0">
              <value>
                <![CDATA["Verify user should not be able to submit invalid Email : "missingCom@xyz.""]]>
              </value>
            </param>
            <param index="1">
              <value>
                <![CDATA["User should be able to submit contact us request"]]>
              </value>
            </param>
          </params>
          <reporter-output>
          </reporter-output>
        </test-method> <!-- runScenario -->
        <test-method signature="runScenario(io.cucumber.testng.PickleWrapper,io.cucumber.testng.FeatureWrapper)[pri:0, instance:runner.TestRunner@3d680b5a]" started-at="2024-02-14T13:31:49 GMT" name="runScenario" description="Runs Cucumber Scenarios" data-provider="scenarios" finished-at="2024-02-14T13:32:34 GMT" duration-ms="45049" status="PASS">
          <params>
            <param index="0">
              <value>
                <![CDATA["Verify user should not be able to submit invalid Email : "invalidEmailMissingAt.com""]]>
              </value>
            </param>
            <param index="1">
              <value>
                <![CDATA["User should be able to submit contact us request"]]>
              </value>
            </param>
          </params>
          <reporter-output>
          </reporter-output>
        </test-method> <!-- runScenario -->
        <test-method signature="runScenario(io.cucumber.testng.PickleWrapper,io.cucumber.testng.FeatureWrapper)[pri:0, instance:runner.TestRunner@3d680b5a]" started-at="2024-02-14T13:32:29 GMT" name="runScenario" description="Runs Cucumber Scenarios" data-provider="scenarios" finished-at="2024-02-14T13:33:18 GMT" duration-ms="49224" status="PASS">
          <params>
            <param index="0">
              <value>
                <![CDATA["Verify user should not be able to submit invalid Email : "spaces not@allowed.com""]]>
              </value>
            </param>
            <param index="1">
              <value>
                <![CDATA["User should be able to submit contact us request"]]>
              </value>
            </param>
          </params>
          <reporter-output>
          </reporter-output>
        </test-method> <!-- runScenario -->
        <test-method signature="runScenario(io.cucumber.testng.PickleWrapper,io.cucumber.testng.FeatureWrapper)[pri:0, instance:runner.TestRunner@3d680b5a]" started-at="2024-02-14T13:32:29 GMT" name="runScenario" description="Runs Cucumber Scenarios" data-provider="scenarios" finished-at="2024-02-14T13:33:18 GMT" duration-ms="49501" status="FAIL">
          <params>
            <param index="0">
              <value>
                <![CDATA["Verify user should not be able to submit invalid Email : "double..dots@domain.com""]]>
              </value>
            </param>
            <param index="1">
              <value>
                <![CDATA["User should be able to submit contact us request"]]>
              </value>
            </param>
          </params>
          <exception class="java.lang.AssertionError">
            <message>
              <![CDATA[User Should be displayed invalid Email format error message.]]>
            </message>
            <full-stacktrace>
              <![CDATA[java.lang.AssertionError: User Should be displayed invalid Email format error message.
at org.testng.Assert.fail(Assert.java:111)
at com.test.roku.utils.AssertionUtils.assertFail(AssertionUtils.java:25)
at com.test.roku.steps.ContactUsPageAssertions.assertErrorDisplayedForInvalidFormat(ContactUsPageAssertions.java:170)
at com.test.roku.steps.ContactUsSteps.userShouldBeDisplayedInvalidFormatErrorMessage(ContactUsSteps.java:141)
at ✽.User should be displayed invalid "Email" format error message(file:///Users/sanju/Desktop/RokuAssignementWorkSpace/AutomationRoku/src/test/java/features/contactUs.feature:71)
]]>
            </full-stacktrace>
          </exception> <!-- java.lang.AssertionError -->
          <reporter-output>
          </reporter-output>
        </test-method> <!-- runScenario -->
        <test-method signature="runScenario(io.cucumber.testng.PickleWrapper,io.cucumber.testng.FeatureWrapper)[pri:0, instance:runner.TestRunner@3d680b5a]" started-at="2024-02-14T13:32:29 GMT" name="runScenario" description="Runs Cucumber Scenarios" data-provider="scenarios" finished-at="2024-02-14T13:33:18 GMT" duration-ms="49487" status="FAIL">
          <params>
            <param index="0">
              <value>
                <![CDATA["Verify user should not be able to submit invalid Phone Number : "stringAsPhoneNumber""]]>
              </value>
            </param>
            <param index="1">
              <value>
                <![CDATA["User should be able to submit contact us request"]]>
              </value>
            </param>
          </params>
          <exception class="java.lang.AssertionError">
            <message>
              <![CDATA[User Should be displayed invalid Phone format error message.]]>
            </message>
            <full-stacktrace>
              <![CDATA[java.lang.AssertionError: User Should be displayed invalid Phone format error message.
at org.testng.Assert.fail(Assert.java:111)
at com.test.roku.utils.AssertionUtils.assertFail(AssertionUtils.java:25)
at com.test.roku.steps.ContactUsPageAssertions.assertErrorDisplayedForInvalidFormat(ContactUsPageAssertions.java:170)
at com.test.roku.steps.ContactUsSteps.userShouldBeDisplayedInvalidFormatErrorMessage(ContactUsSteps.java:141)
at ✽.User should be displayed invalid "Phone" format error message(file:///Users/sanju/Desktop/RokuAssignementWorkSpace/AutomationRoku/src/test/java/features/contactUs.feature:87)
]]>
            </full-stacktrace>
          </exception> <!-- java.lang.AssertionError -->
          <reporter-output>
          </reporter-output>
        </test-method> <!-- runScenario -->
        <test-method signature="runScenario(io.cucumber.testng.PickleWrapper,io.cucumber.testng.FeatureWrapper)[pri:0, instance:runner.TestRunner@3d680b5a]" started-at="2024-02-14T13:32:29 GMT" name="runScenario" description="Runs Cucumber Scenarios" data-provider="scenarios" finished-at="2024-02-14T13:33:47 GMT" duration-ms="78510" status="FAIL">
          <params>
            <param index="0">
              <value>
                <![CDATA["Verify user should not be able to submit invalid Phone Number : "stringWith42353254""]]>
              </value>
            </param>
            <param index="1">
              <value>
                <![CDATA["User should be able to submit contact us request"]]>
              </value>
            </param>
          </params>
          <exception class="org.openqa.selenium.NoSuchElementException">
            <message>
              <![CDATA[no such element: Unable to locate element: {"method":"css selector","selector":"#submitContact"}
  (Session info: chrome=121.0.6167.184)
For documentation on this error, please visit: https://www.selenium.dev/documentation/webdriver/troubleshooting/errors#no-such-element-exception
Build info: version: '4.17.0', revision: 'e52b1be057*'
System info: os.name: 'Mac OS X', os.arch: 'aarch64', os.version: '14.3', java.version: '21.0.1'
Driver info: org.openqa.selenium.chrome.ChromeDriver
Command: [c302069f72314080c0566ba7749010a1, findElement {using=id, value=submitContact}]
Capabilities {acceptInsecureCerts: false, browserName: chrome, browserVersion: 121.0.6167.184, chrome: {chromedriverVersion: 121.0.6167.85 (3f98d690ad7e..., userDataDir: /var/folders/m8/d_ml1jqs5rd...}, fedcm:accounts: true, goog:chromeOptions: {debuggerAddress: localhost:54595}, networkConnectionEnabled: false, pageLoadStrategy: normal, platformName: mac, proxy: Proxy(), se:cdp: ws://localhost:54595/devtoo..., se:cdpVersion: 121.0.6167.184, setWindowRect: true, strictFileInteractability: false, timeouts: {implicit: 0, pageLoad: 300000, script: 30000}, unhandledPromptBehavior: dismiss and notify, webauthn:extension:credBlob: true, webauthn:extension:largeBlob: true, webauthn:extension:minPinLength: true, webauthn:extension:prf: true, webauthn:virtualAuthenticators: true}
Session ID: c302069f72314080c0566ba7749010a1]]>
            </message>
            <full-stacktrace>
              <![CDATA[org.openqa.selenium.NoSuchElementException: no such element: Unable to locate element: {"method":"css selector","selector":"#submitContact"}
  (Session info: chrome=121.0.6167.184)
For documentation on this error, please visit: https://www.selenium.dev/documentation/webdriver/troubleshooting/errors#no-such-element-exception
Build info: version: '4.17.0', revision: 'e52b1be057*'
System info: os.name: 'Mac OS X', os.arch: 'aarch64', os.version: '14.3', java.version: '21.0.1'
Driver info: org.openqa.selenium.chrome.ChromeDriver
Command: [c302069f72314080c0566ba7749010a1, findElement {using=id, value=submitContact}]
Capabilities {acceptInsecureCerts: false, browserName: chrome, browserVersion: 121.0.6167.184, chrome: {chromedriverVersion: 121.0.6167.85 (3f98d690ad7e..., userDataDir: /var/folders/m8/d_ml1jqs5rd...}, fedcm:accounts: true, goog:chromeOptions: {debuggerAddress: localhost:54595}, networkConnectionEnabled: false, pageLoadStrategy: normal, platformName: mac, proxy: Proxy(), se:cdp: ws://localhost:54595/devtoo..., se:cdpVersion: 121.0.6167.184, setWindowRect: true, strictFileInteractability: false, timeouts: {implicit: 0, pageLoad: 300000, script: 30000}, unhandledPromptBehavior: dismiss and notify, webauthn:extension:credBlob: true, webauthn:extension:largeBlob: true, webauthn:extension:minPinLength: true, webauthn:extension:prf: true, webauthn:virtualAuthenticators: true}
Session ID: c302069f72314080c0566ba7749010a1
at java.base/jdk.internal.reflect.DirectConstructorHandleAccessor.newInstance(DirectConstructorHandleAccessor.java:62)
at java.base/java.lang.reflect.Constructor.newInstanceWithCaller(Constructor.java:502)
at java.base/java.lang.reflect.Constructor.newInstance(Constructor.java:486)
at org.openqa.selenium.remote.codec.w3c.W3CHttpResponseCodec.createException(W3CHttpResponseCodec.java:185)
at org.openqa.selenium.remote.codec.w3c.W3CHttpResponseCodec.decode(W3CHttpResponseCodec.java:134)
at org.openqa.selenium.remote.codec.w3c.W3CHttpResponseCodec.decode(W3CHttpResponseCodec.java:51)
at org.openqa.selenium.remote.HttpCommandExecutor.execute(HttpCommandExecutor.java:190)
at org.openqa.selenium.remote.service.DriverCommandExecutor.invokeExecute(DriverCommandExecutor.java:216)
at org.openqa.selenium.remote.service.DriverCommandExecutor.execute(DriverCommandExecutor.java:174)
at org.openqa.selenium.remote.RemoteWebDriver.execute(RemoteWebDriver.java:519)
at org.openqa.selenium.remote.ElementLocation$ElementFinder$2.findElement(ElementLocation.java:165)
at org.openqa.selenium.remote.ElementLocation.findElement(ElementLocation.java:59)
at org.openqa.selenium.remote.RemoteWebDriver.findElement(RemoteWebDriver.java:356)
at org.openqa.selenium.remote.RemoteWebDriver.findElement(RemoteWebDriver.java:350)
at org.openqa.selenium.support.pagefactory.DefaultElementLocator.findElement(DefaultElementLocator.java:68)
at org.openqa.selenium.support.pagefactory.internal.LocatingElementHandler.invoke(LocatingElementHandler.java:38)
at jdk.proxy2/jdk.proxy2.$Proxy25.click(Unknown Source)
at com.test.roku.utils.CommonUtils.clickOnElement(CommonUtils.java:18)
at com.test.roku.pages.ContactUsPage.clickOnSubmitButton(ContactUsPage.java:66)
at com.test.roku.steps.ContactUsSteps.clickOnSubmitButton(ContactUsSteps.java:31)
at ✽.Click on submit button(file:///Users/sanju/Desktop/RokuAssignementWorkSpace/AutomationRoku/src/test/java/features/contactUs.feature:86)
]]>
            </full-stacktrace>
          </exception> <!-- org.openqa.selenium.NoSuchElementException -->
          <reporter-output>
          </reporter-output>
        </test-method> <!-- runScenario -->
        <test-method signature="runScenario(io.cucumber.testng.PickleWrapper,io.cucumber.testng.FeatureWrapper)[pri:0, instance:runner.TestRunner@3d680b5a]" started-at="2024-02-14T13:32:29 GMT" name="runScenario" description="Runs Cucumber Scenarios" data-provider="scenarios" finished-at="2024-02-14T13:33:18 GMT" duration-ms="49450" status="FAIL">
          <params>
            <param index="0">
              <value>
                <![CDATA["Verify user should not be able to submit invalid Phone Number : "!@£$%^&*%^&*""]]>
              </value>
            </param>
            <param index="1">
              <value>
                <![CDATA["User should be able to submit contact us request"]]>
              </value>
            </param>
          </params>
          <exception class="java.lang.AssertionError">
            <message>
              <![CDATA[User Should be displayed invalid Phone format error message.]]>
            </message>
            <full-stacktrace>
              <![CDATA[java.lang.AssertionError: User Should be displayed invalid Phone format error message.
at org.testng.Assert.fail(Assert.java:111)
at com.test.roku.utils.AssertionUtils.assertFail(AssertionUtils.java:25)
at com.test.roku.steps.ContactUsPageAssertions.assertErrorDisplayedForInvalidFormat(ContactUsPageAssertions.java:170)
at com.test.roku.steps.ContactUsSteps.userShouldBeDisplayedInvalidFormatErrorMessage(ContactUsSteps.java:141)
at ✽.User should be displayed invalid "Phone" format error message(file:///Users/sanju/Desktop/RokuAssignementWorkSpace/AutomationRoku/src/test/java/features/contactUs.feature:87)
]]>
            </full-stacktrace>
          </exception> <!-- java.lang.AssertionError -->
          <reporter-output>
          </reporter-output>
        </test-method> <!-- runScenario -->
        <test-method signature="runScenario(io.cucumber.testng.PickleWrapper,io.cucumber.testng.FeatureWrapper)[pri:0, instance:runner.TestRunner@3d680b5a]" started-at="2024-02-14T13:32:29 GMT" name="runScenario" description="Runs Cucumber Scenarios" data-provider="scenarios" finished-at="2024-02-14T13:33:17 GMT" duration-ms="48326" status="FAIL">
          <params>
            <param index="0">
              <value>
                <![CDATA["Verify user should not be able to submit invalid Phone Number : "+76726374627642""]]>
              </value>
            </param>
            <param index="1">
              <value>
                <![CDATA["User should be able to submit contact us request"]]>
              </value>
            </param>
          </params>
          <exception class="java.lang.AssertionError">
            <message>
              <![CDATA[User Should be displayed invalid Phone format error message.]]>
            </message>
            <full-stacktrace>
              <![CDATA[java.lang.AssertionError: User Should be displayed invalid Phone format error message.
at org.testng.Assert.fail(Assert.java:111)
at com.test.roku.utils.AssertionUtils.assertFail(AssertionUtils.java:25)
at com.test.roku.steps.ContactUsPageAssertions.assertErrorDisplayedForInvalidFormat(ContactUsPageAssertions.java:170)
at com.test.roku.steps.ContactUsSteps.userShouldBeDisplayedInvalidFormatErrorMessage(ContactUsSteps.java:141)
at ✽.User should be displayed invalid "Phone" format error message(file:///Users/sanju/Desktop/RokuAssignementWorkSpace/AutomationRoku/src/test/java/features/contactUs.feature:87)
]]>
            </full-stacktrace>
          </exception> <!-- java.lang.AssertionError -->
          <reporter-output>
          </reporter-output>
        </test-method> <!-- runScenario -->
        <test-method signature="runScenario(io.cucumber.testng.PickleWrapper,io.cucumber.testng.FeatureWrapper)[pri:0, instance:runner.TestRunner@3d680b5a]" started-at="2024-02-14T13:32:29 GMT" name="runScenario" description="Runs Cucumber Scenarios" data-provider="scenarios" finished-at="2024-02-14T13:33:18 GMT" duration-ms="49436" status="FAIL">
          <params>
            <param index="0">
              <value>
                <![CDATA["Verify user should not be able to submit invalid Phone Number : "+76 726374627642""]]>
              </value>
            </param>
            <param index="1">
              <value>
                <![CDATA["User should be able to submit contact us request"]]>
              </value>
            </param>
          </params>
          <exception class="java.lang.AssertionError">
            <message>
              <![CDATA[User Should be displayed invalid Phone format error message.]]>
            </message>
            <full-stacktrace>
              <![CDATA[java.lang.AssertionError: User Should be displayed invalid Phone format error message.
at org.testng.Assert.fail(Assert.java:111)
at com.test.roku.utils.AssertionUtils.assertFail(AssertionUtils.java:25)
at com.test.roku.steps.ContactUsPageAssertions.assertErrorDisplayedForInvalidFormat(ContactUsPageAssertions.java:170)
at com.test.roku.steps.ContactUsSteps.userShouldBeDisplayedInvalidFormatErrorMessage(ContactUsSteps.java:141)
at ✽.User should be displayed invalid "Phone" format error message(file:///Users/sanju/Desktop/RokuAssignementWorkSpace/AutomationRoku/src/test/java/features/contactUs.feature:87)
]]>
            </full-stacktrace>
          </exception> <!-- java.lang.AssertionError -->
          <reporter-output>
          </reporter-output>
        </test-method> <!-- runScenario -->
        <test-method signature="runScenario(io.cucumber.testng.PickleWrapper,io.cucumber.testng.FeatureWrapper)[pri:0, instance:runner.TestRunner@3d680b5a]" started-at="2024-02-14T13:32:30 GMT" name="runScenario" description="Runs Cucumber Scenarios" data-provider="scenarios" finished-at="2024-02-14T13:33:17 GMT" duration-ms="47022" status="FAIL">
          <params>
            <param index="0">
              <value>
                <![CDATA["Verify user should not be able to submit invalid Phone Number : "564 792 007""]]>
              </value>
            </param>
            <param index="1">
              <value>
                <![CDATA["User should be able to submit contact us request"]]>
              </value>
            </param>
          </params>
          <exception class="java.lang.AssertionError">
            <message>
              <![CDATA[User Should be displayed invalid Phone format error message.]]>
            </message>
            <full-stacktrace>
              <![CDATA[java.lang.AssertionError: User Should be displayed invalid Phone format error message.
at org.testng.Assert.fail(Assert.java:111)
at com.test.roku.utils.AssertionUtils.assertFail(AssertionUtils.java:25)
at com.test.roku.steps.ContactUsPageAssertions.assertErrorDisplayedForInvalidFormat(ContactUsPageAssertions.java:170)
at com.test.roku.steps.ContactUsSteps.userShouldBeDisplayedInvalidFormatErrorMessage(ContactUsSteps.java:141)
at ✽.User should be displayed invalid "Phone" format error message(file:///Users/sanju/Desktop/RokuAssignementWorkSpace/AutomationRoku/src/test/java/features/contactUs.feature:87)
]]>
            </full-stacktrace>
          </exception> <!-- java.lang.AssertionError -->
          <reporter-output>
          </reporter-output>
        </test-method> <!-- runScenario -->
        <test-method signature="runScenario(io.cucumber.testng.PickleWrapper,io.cucumber.testng.FeatureWrapper)[pri:0, instance:runner.TestRunner@3d680b5a]" started-at="2024-02-14T13:32:32 GMT" name="runScenario" description="Runs Cucumber Scenarios" data-provider="scenarios" finished-at="2024-02-14T13:33:18 GMT" duration-ms="46080" status="FAIL">
          <params>
            <param index="0">
              <value>
                <![CDATA["Verify user should not be able to submit invalid Phone Number : "777-111-222""]]>
              </value>
            </param>
            <param index="1">
              <value>
                <![CDATA["User should be able to submit contact us request"]]>
              </value>
            </param>
          </params>
          <exception class="java.lang.AssertionError">
            <message>
              <![CDATA[User Should be displayed invalid Phone format error message.]]>
            </message>
            <full-stacktrace>
              <![CDATA[java.lang.AssertionError: User Should be displayed invalid Phone format error message.
at org.testng.Assert.fail(Assert.java:111)
at com.test.roku.utils.AssertionUtils.assertFail(AssertionUtils.java:25)
at com.test.roku.steps.ContactUsPageAssertions.assertErrorDisplayedForInvalidFormat(ContactUsPageAssertions.java:170)
at com.test.roku.steps.ContactUsSteps.userShouldBeDisplayedInvalidFormatErrorMessage(ContactUsSteps.java:141)
at ✽.User should be displayed invalid "Phone" format error message(file:///Users/sanju/Desktop/RokuAssignementWorkSpace/AutomationRoku/src/test/java/features/contactUs.feature:87)
]]>
            </full-stacktrace>
          </exception> <!-- java.lang.AssertionError -->
          <reporter-output>
          </reporter-output>
        </test-method> <!-- runScenario -->
        <test-method signature="runScenario(io.cucumber.testng.PickleWrapper,io.cucumber.testng.FeatureWrapper)[pri:0, instance:runner.TestRunner@3d680b5a]" started-at="2024-02-14T13:32:34 GMT" name="runScenario" description="Runs Cucumber Scenarios" data-provider="scenarios" finished-at="2024-02-14T13:33:19 GMT" duration-ms="45164" status="PASS">
          <params>
            <param index="0">
              <value>
                <![CDATA["Verify user should not be able to submit out of range Phone Number : "777""]]>
              </value>
            </param>
            <param index="1">
              <value>
                <![CDATA["User should be able to submit contact us request"]]>
              </value>
            </param>
          </params>
          <reporter-output>
          </reporter-output>
        </test-method> <!-- runScenario -->
        <test-method signature="runScenario(io.cucumber.testng.PickleWrapper,io.cucumber.testng.FeatureWrapper)[pri:0, instance:runner.TestRunner@3d680b5a]" started-at="2024-02-14T13:33:17 GMT" name="runScenario" description="Runs Cucumber Scenarios" data-provider="scenarios" finished-at="2024-02-14T13:33:58 GMT" duration-ms="41071" status="FAIL">
          <params>
            <param index="0">
              <value>
                <![CDATA["Verify user should not be able to submit out of range Phone Number : "777711112222333344445555""]]>
              </value>
            </param>
            <param index="1">
              <value>
                <![CDATA["User should be able to submit contact us request"]]>
              </value>
            </param>
          </params>
          <exception class="java.lang.AssertionError">
            <message>
              <![CDATA[Actual text is Message must be between 20 and 2000 characters. and expected text is Phone must be between 11 and 21 characters. expected [true] but found [false]]]>
            </message>
            <full-stacktrace>
              <![CDATA[java.lang.AssertionError: Actual text is Message must be between 20 and 2000 characters. and expected text is Phone must be between 11 and 21 characters. expected [true] but found [false]
at org.testng.Assert.fail(Assert.java:111)
at org.testng.Assert.failNotEquals(Assert.java:1578)
at org.testng.Assert.assertTrue(Assert.java:57)
at com.test.roku.utils.AssertionUtils.assertEquals(AssertionUtils.java:17)
at com.test.roku.steps.ContactUsPageAssertions.assertErrorMessageDisplayedWhenOutOfRangeTextEntered(ContactUsPageAssertions.java:87)
at com.test.roku.steps.ContactUsSteps.userShouldBeDisplayedErrorWithAcceptableRange(ContactUsSteps.java:78)
at ✽.User should be displayed error with acceptable range of "Phone"(file:///Users/sanju/Desktop/RokuAssignementWorkSpace/AutomationRoku/src/test/java/features/contactUs.feature:102)
]]>
            </full-stacktrace>
          </exception> <!-- java.lang.AssertionError -->
          <reporter-output>
          </reporter-output>
        </test-method> <!-- runScenario -->
        <test-method signature="runScenario(io.cucumber.testng.PickleWrapper,io.cucumber.testng.FeatureWrapper)[pri:0, instance:runner.TestRunner@3d680b5a]" started-at="2024-02-14T13:33:17 GMT" name="runScenario" description="Runs Cucumber Scenarios" data-provider="scenarios" finished-at="2024-02-14T13:33:56 GMT" duration-ms="38944" status="PASS">
          <params>
            <param index="0">
              <value>
                <![CDATA["Verify user should not be able to submit out of range Subject : "qwe""]]>
              </value>
            </param>
            <param index="1">
              <value>
                <![CDATA["User should be able to submit contact us request"]]>
              </value>
            </param>
          </params>
          <reporter-output>
          </reporter-output>
        </test-method> <!-- runScenario -->
        <test-method signature="runScenario(io.cucumber.testng.PickleWrapper,io.cucumber.testng.FeatureWrapper)[pri:0, instance:runner.TestRunner@3d680b5a]" started-at="2024-02-14T13:33:18 GMT" name="runScenario" description="Runs Cucumber Scenarios" data-provider="scenarios" finished-at="2024-02-14T13:33:57 GMT" duration-ms="38574" status="PASS">
          <params>
            <param index="0">
              <value>
                <![CDATA["Verify user should not be able to submit out of range Subject : "qwertyuiopasdfghjklzxcvbnmqwertyuiopasdfghjklzxcvbnmqwertyuiopasdfghjklzxcvbnmqwertyuiopasdfghjklzxcvbnmqwertyuiopasdfghjklzxcvbnmqwertyuiopasdfghjklzxcvbnm""]]>
              </value>
            </param>
            <param index="1">
              <value>
                <![CDATA["User should be able to submit contact us request"]]>
              </value>
            </param>
          </params>
          <reporter-output>
          </reporter-output>
        </test-method> <!-- runScenario -->
        <test-method signature="runScenario(io.cucumber.testng.PickleWrapper,io.cucumber.testng.FeatureWrapper)[pri:0, instance:runner.TestRunner@3d680b5a]" started-at="2024-02-14T13:33:18 GMT" name="runScenario" description="Runs Cucumber Scenarios" data-provider="scenarios" finished-at="2024-02-14T13:33:57 GMT" duration-ms="38189" status="FAIL">
          <params>
            <param index="0">
              <value>
                <![CDATA["Verify user should not be able to submit out of range message : "lessThanTwenty""]]>
              </value>
            </param>
            <param index="1">
              <value>
                <![CDATA["User should be able to submit contact us request"]]>
              </value>
            </param>
          </params>
          <exception class="java.lang.AssertionError">
            <message>
              <![CDATA[Actual text is Subject must be between 5 and 100 characters. and expected text is Message must be between 20 and 2000 characters. expected [true] but found [false]]]>
            </message>
            <full-stacktrace>
              <![CDATA[java.lang.AssertionError: Actual text is Subject must be between 5 and 100 characters. and expected text is Message must be between 20 and 2000 characters. expected [true] but found [false]
at org.testng.Assert.fail(Assert.java:111)
at org.testng.Assert.failNotEquals(Assert.java:1578)
at org.testng.Assert.assertTrue(Assert.java:57)
at com.test.roku.utils.AssertionUtils.assertEquals(AssertionUtils.java:17)
at com.test.roku.steps.ContactUsPageAssertions.assertErrorMessageDisplayedWhenOutOfRangeTextEntered(ContactUsPageAssertions.java:87)
at com.test.roku.steps.ContactUsSteps.userShouldBeDisplayedErrorWithAcceptableRange(ContactUsSteps.java:78)
at ✽.User should be displayed error with acceptable range of "Message"(file:///Users/sanju/Desktop/RokuAssignementWorkSpace/AutomationRoku/src/test/java/features/contactUs.feature:125)
]]>
            </full-stacktrace>
          </exception> <!-- java.lang.AssertionError -->
          <reporter-output>
          </reporter-output>
        </test-method> <!-- runScenario -->
        <test-method signature="runScenario(io.cucumber.testng.PickleWrapper,io.cucumber.testng.FeatureWrapper)[pri:0, instance:runner.TestRunner@3d680b5a]" started-at="2024-02-14T13:33:18 GMT" name="runScenario" description="Runs Cucumber Scenarios" data-provider="scenarios" finished-at="2024-02-14T13:33:57 GMT" duration-ms="39036" status="PASS">
          <params>
            <param index="0">
              <value>
                <![CDATA["Verify user should not be able to submit out of range message : "MessageTextWithMoreThan2000CharactersopasdfghjklzxcvbnmqwertyuiopasdfghjklzxcvbnmqwertyuiopasdfghjklzxcvbnmqwertyuiopasdfghjklzxcvbnmqwertyuiopasdfghjklzxcvbnmqwertyuiopasdfghjklzxcvbnmqwertyuiopasdfghjklzxcvbnmqwertyuiopasdfghjklzxcvbnmqwertyuiopasdfghjklzxcvbnmqwertyuiopasdfghjopasdfghjklzxcvbnmqwertyuiopasdfghjklzxcvbnmqwertyuiopasdfghjklzxcvbnmqwertyuiopasdfghjklzxcvbnmqwertyuiopasdfghjklzxcvbnmqwertyuiopasdfghjklzxcvbnmqwertyuiopasdfghjklzxcvbnmqwertyuiopasdfghjklzxcvbnmqwertyuiopasdfghjklzxcvbnmqwertyuiopasdfghjklzxcvbnmqwertyuiopasdfghjklzxcvbnmqwertyuiopasdfghjklzxcvbnmqwertyuiopasdfghjklzxcvbnmqwertyuiopasdfghjklzxcvbnmqwertyuiopasdfghjklzxcvbnmqwertyuiopasdfghjklzxcvbnmqwertyuiopasdfghjklzxcvbnmqwertyuiopasdfghjklzxcvbnmqwertyuiopasdfghjbnmqwertyuiopasdfghjklzxcvbnmqwertyuiopasdfghjklzxcvbnmqwertyuiopasdfghjklzxcvbnmqwertyuiopasdfghjklzxcvbnmqwertyuiopasdfghjklzxcvbnmqwertyuiopasdfghjklzxcvbnmqwertyuiopasdfghjklzxcvbnmqwertyuiopasdfghjklzxcvbnmqwertyuiopasdfghjklzxcvbnmqwertyuiopasdfghjklzxcvbnmqwertyuiopasdfghjklzxcvbnmqwertyuiopasdfghjklzxcvbnmqwertyuiopasdfghjklzxcvbnmqwertyuiopasdfghjklzxcvbnmqwertyuiopasdfghjklzxcvbnmqwertyuiopasdfghjklzxcvbnmqwertyuiopasdfghjklzxcvbnmqwertyuiopasdfghjklzxcvbnfghjklzxcvbnmqwertyuiopasdfghjklzxcvbnmqwertyuiopasdfghjklzxcvbnmqwertyuiopasdfghjklzxcvbnmqwertyuiopasdfghjklzxcvbnmqwertyuiopasdfghjklzxcvbnmqwertyuiopasdfghjklzxcvbnmqwertyuiopasdfghjklzxcvbnmqwertyuiopasdfghjklzxcvbnmqwertyuiopasdfghjklzxcvbnmqwertyuiopasdfghjklzxcvbnmqwertyuiopasdfghjklzxcvbnmqwertyuiopasdfghjklzxcvbnmqwertyuiopasdfghjklzxcvbnmqwertyuiopasdfghjklzxcvbnmqwertyuiopasdfghjklzxcvbnmqwertyuiopasdfghjklzxcvbnmqwertyuiopasdfghjklzxcvbnmqwertyuiopasdfghjklzxcvbnmqwertyuiopasdfghjklzxcvbnmqwertyuiopasdfghjklzxcvbnmqwertyuiopasdfghjklzxcvbnmqwertyuiopasdfghjklzxcvbnmqwertyuiopasdfghjklzxcvbnmqwertyuiopasdfghjklzxcvbnmqwertyuiopasdfghjklzxcvbnmqwertyuiopasdfghjklzxcvbnmqwertyuiopasdfghjklzxcvbnmqwertyuiopasdfghjklzxcvbnmqwertyuiopasdfghjklzxcvbnmqwertyuiopasdfghjklzxcvbnmqwertyuiopasdfghjklzxcvbnmqwertyuiopasdfghjklzxcvbnmqwertyuiopasdfghjklzxcvbnmqwertyuiopasdfghjklzxcvbnmqwertyuiopasdfghjklzxcvbnmQRSTUVWXYZ""]]>
              </value>
            </param>
            <param index="1">
              <value>
                <![CDATA["User should be able to submit contact us request"]]>
              </value>
            </param>
          </params>
          <reporter-output>
          </reporter-output>
        </test-method> <!-- runScenario -->
        <test-method is-config="true" signature="tearDownClass()[pri:0, instance:runner.TestRunner@3d680b5a]" started-at="2024-02-14T13:33:58 GMT" name="tearDownClass" finished-at="2024-02-14T13:33:58 GMT" duration-ms="277" status="PASS">
          <reporter-output>
          </reporter-output>
        </test-method> <!-- tearDownClass -->
      </class> <!-- runner.TestRunner -->
    </test> <!-- Surefire test -->
  </suite> <!-- Surefire suite -->
</testng-results>
