<?xml version="1.0" encoding="UTF-8"?>
<!-- Generated by org.testng.reporters.JUnitReportReporter -->
<testsuite hostname="192.168.1.156" failures="13" tests="35" name="runner.TestRunner" time="1352.119" errors="1" timestamp="2024-02-14T13:33:58 GMT" skipped="0">
  <testcase classname="runner.TestRunner" name="runScenario" time="38.944"/>
  <testcase classname="runner.TestRunner" name="runScenario" time="41.071">
    <failure message="Actual text is Message must be between 20 and 2000 characters. and expected text is Phone must be between 11 and 21 characters. expected [true] but found [false]" type="java.lang.AssertionError">
      <![CDATA[java.lang.AssertionError: Actual text is Message must be between 20 and 2000 characters. and expected text is Phone must be between 11 and 21 characters. expected [true] but found [false]
at org.testng.Assert.fail(Assert.java:111)
at org.testng.Assert.failNotEquals(Assert.java:1578)
at org.testng.Assert.assertTrue(Assert.java:57)
at com.test.roku.utils.AssertionUtils.assertEquals(AssertionUtils.java:17)
at com.test.roku.steps.ContactUsPageAssertions.assertErrorMessageDisplayedWhenOutOfRangeTextEntered(ContactUsPageAssertions.java:87)
at com.test.roku.steps.ContactUsSteps.userShouldBeDisplayedErrorWithAcceptableRange(ContactUsSteps.java:78)
at ✽.User should be displayed error with acceptable range of "Phone"(file:///Users/sanju/Desktop/RokuAssignementWorkSpace/AutomationRoku/src/test/java/features/contactUs.feature:102)
]]>
    </failure>
  </testcase> <!-- runScenario -->
  <testcase classname="runner.TestRunner" name="runScenario" time="14.735"/>
  <testcase classname="runner.TestRunner" name="runScenario" time="48.805"/>
  <testcase classname="runner.TestRunner" name="runScenario" time="49.160">
    <failure message="User Should be displayed invalid Name format error message." type="java.lang.AssertionError">
      <![CDATA[java.lang.AssertionError: User Should be displayed invalid Name format error message.
at org.testng.Assert.fail(Assert.java:111)
at com.test.roku.utils.AssertionUtils.assertFail(AssertionUtils.java:25)
at com.test.roku.steps.ContactUsPageAssertions.assertErrorDisplayedForInvalidFormat(ContactUsPageAssertions.java:170)
at com.test.roku.steps.ContactUsSteps.userShouldBeDisplayedInvalidFormatErrorMessage(ContactUsSteps.java:141)
at ✽.User should be displayed invalid "Name" format error message(file:///Users/sanju/Desktop/RokuAssignementWorkSpace/AutomationRoku/src/test/java/features/contactUs.feature:60)
]]>
    </failure>
  </testcase> <!-- runScenario -->
  <testcase classname="runner.TestRunner" name="runScenario" time="49.487">
    <failure message="User Should be displayed invalid Phone format error message." type="java.lang.AssertionError">
      <![CDATA[java.lang.AssertionError: User Should be displayed invalid Phone format error message.
at org.testng.Assert.fail(Assert.java:111)
at com.test.roku.utils.AssertionUtils.assertFail(AssertionUtils.java:25)
at com.test.roku.steps.ContactUsPageAssertions.assertErrorDisplayedForInvalidFormat(ContactUsPageAssertions.java:170)
at com.test.roku.steps.ContactUsSteps.userShouldBeDisplayedInvalidFormatErrorMessage(ContactUsSteps.java:141)
at ✽.User should be displayed invalid "Phone" format error message(file:///Users/sanju/Desktop/RokuAssignementWorkSpace/AutomationRoku/src/test/java/features/contactUs.feature:87)
]]>
    </failure>
  </testcase> <!-- runScenario -->
  <testcase classname="runner.TestRunner" name="runScenario" time="48.773"/>
  <testcase classname="runner.TestRunner" name="runScenario" time="48.853"/>
  <testcase classname="runner.TestRunner" name="runScenario" time="23.320"/>
  <testcase classname="runner.TestRunner" name="runScenario" time="49.450">
    <failure message="User Should be displayed invalid Phone format error message." type="java.lang.AssertionError">
      <![CDATA[java.lang.AssertionError: User Should be displayed invalid Phone format error message.
at org.testng.Assert.fail(Assert.java:111)
at com.test.roku.utils.AssertionUtils.assertFail(AssertionUtils.java:25)
at com.test.roku.steps.ContactUsPageAssertions.assertErrorDisplayedForInvalidFormat(ContactUsPageAssertions.java:170)
at com.test.roku.steps.ContactUsSteps.userShouldBeDisplayedInvalidFormatErrorMessage(ContactUsSteps.java:141)
at ✽.User should be displayed invalid "Phone" format error message(file:///Users/sanju/Desktop/RokuAssignementWorkSpace/AutomationRoku/src/test/java/features/contactUs.feature:87)
]]>
    </failure>
  </testcase> <!-- runScenario -->
  <testcase classname="runner.TestRunner" name="runScenario" time="39.036"/>
  <testcase classname="runner.TestRunner" name="runScenario" time="49.130">
    <failure message="User Should be displayed invalid Name format error message." type="java.lang.AssertionError">
      <![CDATA[java.lang.AssertionError: User Should be displayed invalid Name format error message.
at org.testng.Assert.fail(Assert.java:111)
at com.test.roku.utils.AssertionUtils.assertFail(AssertionUtils.java:25)
at com.test.roku.steps.ContactUsPageAssertions.assertErrorDisplayedForInvalidFormat(ContactUsPageAssertions.java:170)
at com.test.roku.steps.ContactUsSteps.userShouldBeDisplayedInvalidFormatErrorMessage(ContactUsSteps.java:141)
at ✽.User should be displayed invalid "Name" format error message(file:///Users/sanju/Desktop/RokuAssignementWorkSpace/AutomationRoku/src/test/java/features/contactUs.feature:60)
]]>
    </failure>
  </testcase> <!-- runScenario -->
  <testcase classname="runner.TestRunner" name="runScenario" time="48.174"/>
  <testcase classname="runner.TestRunner" name="runScenario" time="45.049"/>
  <testcase classname="runner.TestRunner" name="runScenario" time="48.326">
    <failure message="User Should be displayed invalid Phone format error message." type="java.lang.AssertionError">
      <![CDATA[java.lang.AssertionError: User Should be displayed invalid Phone format error message.
at org.testng.Assert.fail(Assert.java:111)
at com.test.roku.utils.AssertionUtils.assertFail(AssertionUtils.java:25)
at com.test.roku.steps.ContactUsPageAssertions.assertErrorDisplayedForInvalidFormat(ContactUsPageAssertions.java:170)
at com.test.roku.steps.ContactUsSteps.userShouldBeDisplayedInvalidFormatErrorMessage(ContactUsSteps.java:141)
at ✽.User should be displayed invalid "Phone" format error message(file:///Users/sanju/Desktop/RokuAssignementWorkSpace/AutomationRoku/src/test/java/features/contactUs.feature:87)
]]>
    </failure>
  </testcase> <!-- runScenario -->
  <testcase classname="runner.TestRunner" name="runScenario" time="14.709"/>
  <testcase classname="runner.TestRunner" name="runScenario" time="49.436">
    <failure message="User Should be displayed invalid Phone format error message." type="java.lang.AssertionError">
      <![CDATA[java.lang.AssertionError: User Should be displayed invalid Phone format error message.
at org.testng.Assert.fail(Assert.java:111)
at com.test.roku.utils.AssertionUtils.assertFail(AssertionUtils.java:25)
at com.test.roku.steps.ContactUsPageAssertions.assertErrorDisplayedForInvalidFormat(ContactUsPageAssertions.java:170)
at com.test.roku.steps.ContactUsSteps.userShouldBeDisplayedInvalidFormatErrorMessage(ContactUsSteps.java:141)
at ✽.User should be displayed invalid "Phone" format error message(file:///Users/sanju/Desktop/RokuAssignementWorkSpace/AutomationRoku/src/test/java/features/contactUs.feature:87)
]]>
    </failure>
  </testcase> <!-- runScenario -->
  <testcase classname="runner.TestRunner" name="runScenario" time="14.979"/>
  <testcase classname="runner.TestRunner" name="runScenario" time="47.022">
    <failure message="User Should be displayed invalid Phone format error message." type="java.lang.AssertionError">
      <![CDATA[java.lang.AssertionError: User Should be displayed invalid Phone format error message.
at org.testng.Assert.fail(Assert.java:111)
at com.test.roku.utils.AssertionUtils.assertFail(AssertionUtils.java:25)
at com.test.roku.steps.ContactUsPageAssertions.assertErrorDisplayedForInvalidFormat(ContactUsPageAssertions.java:170)
at com.test.roku.steps.ContactUsSteps.userShouldBeDisplayedInvalidFormatErrorMessage(ContactUsSteps.java:141)
at ✽.User should be displayed invalid "Phone" format error message(file:///Users/sanju/Desktop/RokuAssignementWorkSpace/AutomationRoku/src/test/java/features/contactUs.feature:87)
]]>
    </failure>
  </testcase> <!-- runScenario -->
  <testcase classname="runner.TestRunner" name="runScenario" time="46.080">
    <failure message="User Should be displayed invalid Phone format error message." type="java.lang.AssertionError">
      <![CDATA[java.lang.AssertionError: User Should be displayed invalid Phone format error message.
at org.testng.Assert.fail(Assert.java:111)
at com.test.roku.utils.AssertionUtils.assertFail(AssertionUtils.java:25)
at com.test.roku.steps.ContactUsPageAssertions.assertErrorDisplayedForInvalidFormat(ContactUsPageAssertions.java:170)
at com.test.roku.steps.ContactUsSteps.userShouldBeDisplayedInvalidFormatErrorMessage(ContactUsSteps.java:141)
at ✽.User should be displayed invalid "Phone" format error message(file:///Users/sanju/Desktop/RokuAssignementWorkSpace/AutomationRoku/src/test/java/features/contactUs.feature:87)
]]>
    </failure>
  </testcase> <!-- runScenario -->
  <testcase classname="runner.TestRunner" name="runScenario" time="49.122">
    <failure message="User Should be displayed invalid Name format error message." type="java.lang.AssertionError">
      <![CDATA[java.lang.AssertionError: User Should be displayed invalid Name format error message.
at org.testng.Assert.fail(Assert.java:111)
at com.test.roku.utils.AssertionUtils.assertFail(AssertionUtils.java:25)
at com.test.roku.steps.ContactUsPageAssertions.assertErrorDisplayedForInvalidFormat(ContactUsPageAssertions.java:170)
at com.test.roku.steps.ContactUsSteps.userShouldBeDisplayedInvalidFormatErrorMessage(ContactUsSteps.java:141)
at ✽.User should be displayed invalid "Name" format error message(file:///Users/sanju/Desktop/RokuAssignementWorkSpace/AutomationRoku/src/test/java/features/contactUs.feature:60)
]]>
    </failure>
  </testcase> <!-- runScenario -->
  <testcase classname="runner.TestRunner" name="runScenario" time="45.164"/>
  <testcase classname="runner.TestRunner" name="runScenario" time="49.224"/>
  <testcase classname="runner.TestRunner" name="runScenario" time="14.351"/>
  <testcase classname="runner.TestRunner" name="runScenario" time="49.211">
    <failure message="User Should be displayed invalid Email format error message." type="java.lang.AssertionError">
      <![CDATA[java.lang.AssertionError: User Should be displayed invalid Email format error message.
at org.testng.Assert.fail(Assert.java:111)
at com.test.roku.utils.AssertionUtils.assertFail(AssertionUtils.java:25)
at com.test.roku.steps.ContactUsPageAssertions.assertErrorDisplayedForInvalidFormat(ContactUsPageAssertions.java:170)
at com.test.roku.steps.ContactUsSteps.userShouldBeDisplayedInvalidFormatErrorMessage(ContactUsSteps.java:141)
at ✽.User should be displayed invalid "Email" format error message(file:///Users/sanju/Desktop/RokuAssignementWorkSpace/AutomationRoku/src/test/java/features/contactUs.feature:71)
]]>
    </failure>
  </testcase> <!-- runScenario -->
  <testcase classname="runner.TestRunner" name="runScenario" time="49.501">
    <failure message="User Should be displayed invalid Email format error message." type="java.lang.AssertionError">
      <![CDATA[java.lang.AssertionError: User Should be displayed invalid Email format error message.
at org.testng.Assert.fail(Assert.java:111)
at com.test.roku.utils.AssertionUtils.assertFail(AssertionUtils.java:25)
at com.test.roku.steps.ContactUsPageAssertions.assertErrorDisplayedForInvalidFormat(ContactUsPageAssertions.java:170)
at com.test.roku.steps.ContactUsSteps.userShouldBeDisplayedInvalidFormatErrorMessage(ContactUsSteps.java:141)
at ✽.User should be displayed invalid "Email" format error message(file:///Users/sanju/Desktop/RokuAssignementWorkSpace/AutomationRoku/src/test/java/features/contactUs.feature:71)
]]>
    </failure>
  </testcase> <!-- runScenario -->
  <testcase classname="runner.TestRunner" name="runScenario" time="14.351"/>
  <testcase classname="runner.TestRunner" name="runScenario" time="15.313"/>
  <testcase classname="runner.TestRunner" name="runScenario" time="38.574"/>
  <testcase classname="runner.TestRunner" name="runScenario" time="78.510">
    <error message="no such element: Unable to locate element: {&quot;method&quot;:&quot;css selector&quot;,&quot;selector&quot;:&quot;#submitContact&quot;}
  (Session info: chrome=121.0.6167.184)
For documentation on this error, please visit: https://www.selenium.dev/documentation/webdriver/troubleshooting/errors#no-such-element-exception
Build info: version: &#039;4.17.0&#039;, revision: &#039;e52b1be057*&#039;
System info: os.name: &#039;Mac OS X&#039;, os.arch: &#039;aarch64&#039;, os.version: &#039;14.3&#039;, java.version: &#039;21.0.1&#039;
Driver info: org.openqa.selenium.chrome.ChromeDriver
Command: [c302069f72314080c0566ba7749010a1, findElement {using=id, value=submitContact}]
Capabilities {acceptInsecureCerts: false, browserName: chrome, browserVersion: 121.0.6167.184, chrome: {chromedriverVersion: 121.0.6167.85 (3f98d690ad7e..., userDataDir: /var/folders/m8/d_ml1jqs5rd...}, fedcm:accounts: true, goog:chromeOptions: {debuggerAddress: localhost:54595}, networkConnectionEnabled: false, pageLoadStrategy: normal, platformName: mac, proxy: Proxy(), se:cdp: ws://localhost:54595/devtoo..., se:cdpVersion: 121.0.6167.184, setWindowRect: true, strictFileInteractability: false, timeouts: {implicit: 0, pageLoad: 300000, script: 30000}, unhandledPromptBehavior: dismiss and notify, webauthn:extension:credBlob: true, webauthn:extension:largeBlob: true, webauthn:extension:minPinLength: true, webauthn:extension:prf: true, webauthn:virtualAuthenticators: true}
Session ID: c302069f72314080c0566ba7749010a1" type="org.openqa.selenium.NoSuchElementException">
      <![CDATA[org.openqa.selenium.NoSuchElementException: no such element: Unable to locate element: {"method":"css selector","selector":"#submitContact"}
  (Session info: chrome=121.0.6167.184)
For documentation on this error, please visit: https://www.selenium.dev/documentation/webdriver/troubleshooting/errors#no-such-element-exception
Build info: version: '4.17.0', revision: 'e52b1be057*'
System info: os.name: 'Mac OS X', os.arch: 'aarch64', os.version: '14.3', java.version: '21.0.1'
Driver info: org.openqa.selenium.chrome.ChromeDriver
Command: [c302069f72314080c0566ba7749010a1, findElement {using=id, value=submitContact}]
Capabilities {acceptInsecureCerts: false, browserName: chrome, browserVersion: 121.0.6167.184, chrome: {chromedriverVersion: 121.0.6167.85 (3f98d690ad7e..., userDataDir: /var/folders/m8/d_ml1jqs5rd...}, fedcm:accounts: true, goog:chromeOptions: {debuggerAddress: localhost:54595}, networkConnectionEnabled: false, pageLoadStrategy: normal, platformName: mac, proxy: Proxy(), se:cdp: ws://localhost:54595/devtoo..., se:cdpVersion: 121.0.6167.184, setWindowRect: true, strictFileInteractability: false, timeouts: {implicit: 0, pageLoad: 300000, script: 30000}, unhandledPromptBehavior: dismiss and notify, webauthn:extension:credBlob: true, webauthn:extension:largeBlob: true, webauthn:extension:minPinLength: true, webauthn:extension:prf: true, webauthn:virtualAuthenticators: true}
Session ID: c302069f72314080c0566ba7749010a1
at java.base/jdk.internal.reflect.DirectConstructorHandleAccessor.newInstance(DirectConstructorHandleAccessor.java:62)
at java.base/java.lang.reflect.Constructor.newInstanceWithCaller(Constructor.java:502)
at java.base/java.lang.reflect.Constructor.newInstance(Constructor.java:486)
at org.openqa.selenium.remote.codec.w3c.W3CHttpResponseCodec.createException(W3CHttpResponseCodec.java:185)
at org.openqa.selenium.remote.codec.w3c.W3CHttpResponseCodec.decode(W3CHttpResponseCodec.java:134)
at org.openqa.selenium.remote.codec.w3c.W3CHttpResponseCodec.decode(W3CHttpResponseCodec.java:51)
at org.openqa.selenium.remote.HttpCommandExecutor.execute(HttpCommandExecutor.java:190)
at org.openqa.selenium.remote.service.DriverCommandExecutor.invokeExecute(DriverCommandExecutor.java:216)
at org.openqa.selenium.remote.service.DriverCommandExecutor.execute(DriverCommandExecutor.java:174)
at org.openqa.selenium.remote.RemoteWebDriver.execute(RemoteWebDriver.java:519)
at org.openqa.selenium.remote.ElementLocation$ElementFinder$2.findElement(ElementLocation.java:165)
at org.openqa.selenium.remote.ElementLocation.findElement(ElementLocation.java:59)
at org.openqa.selenium.remote.RemoteWebDriver.findElement(RemoteWebDriver.java:356)
at org.openqa.selenium.remote.RemoteWebDriver.findElement(RemoteWebDriver.java:350)
at org.openqa.selenium.support.pagefactory.DefaultElementLocator.findElement(DefaultElementLocator.java:68)
at org.openqa.selenium.support.pagefactory.internal.LocatingElementHandler.invoke(LocatingElementHandler.java:38)
at jdk.proxy2/jdk.proxy2.$Proxy25.click(Unknown Source)
at com.test.roku.utils.CommonUtils.clickOnElement(CommonUtils.java:18)
at com.test.roku.pages.ContactUsPage.clickOnSubmitButton(ContactUsPage.java:66)
at com.test.roku.steps.ContactUsSteps.clickOnSubmitButton(ContactUsSteps.java:31)
at ✽.Click on submit button(file:///Users/sanju/Desktop/RokuAssignementWorkSpace/AutomationRoku/src/test/java/features/contactUs.feature:86)
]]>
    </error>
  </testcase> <!-- runScenario -->
  <testcase classname="runner.TestRunner" name="runScenario" time="38.189">
    <failure message="Actual text is Subject must be between 5 and 100 characters. and expected text is Message must be between 20 and 2000 characters. expected [true] but found [false]" type="java.lang.AssertionError">
      <![CDATA[java.lang.AssertionError: Actual text is Subject must be between 5 and 100 characters. and expected text is Message must be between 20 and 2000 characters. expected [true] but found [false]
at org.testng.Assert.fail(Assert.java:111)
at org.testng.Assert.failNotEquals(Assert.java:1578)
at org.testng.Assert.assertTrue(Assert.java:57)
at com.test.roku.utils.AssertionUtils.assertEquals(AssertionUtils.java:17)
at com.test.roku.steps.ContactUsPageAssertions.assertErrorMessageDisplayedWhenOutOfRangeTextEntered(ContactUsPageAssertions.java:87)
at com.test.roku.steps.ContactUsSteps.userShouldBeDisplayedErrorWithAcceptableRange(ContactUsSteps.java:78)
at ✽.User should be displayed error with acceptable range of "Message"(file:///Users/sanju/Desktop/RokuAssignementWorkSpace/AutomationRoku/src/test/java/features/contactUs.feature:125)
]]>
    </failure>
  </testcase> <!-- runScenario -->
  <testcase classname="runner.TestRunner" name="runScenario" time="14.406"/>
  <testcase classname="runner.TestRunner" name="runScenario" time="52.570"/>
  <testcase classname="runner.TestRunner" name="runScenario" time="14.351"/>
  <testcase classname="runner.TestRunner" name="runScenario" time="14.743"/>
</testsuite> <!-- runner.TestRunner -->
